<?xml version="1.0" encoding="UTF-8"?>
<!-- Generated by org.testng.reporters.JUnitReportReporter -->
<testsuite hostname="hfthink-PC" name="secod_my_maven.maven.AppTest" tests="1" failures="0" timestamp="11 Dec 2017 09:22:35 GMT" time="0.002" errors="0">
  <testcase name="testApp" time="0.002" classname="secod_my_maven.maven.AppTest"/>
</testsuite> <!-- secod_my_maven.maven.AppTest -->
